RUN	TPCase01	tpcase01	1545251943816	 	3.0.1.1
USER	TPCase01	1	START	1545251945636	1545251945636
REQUEST	1		request_1	1545251945674	1545251946184	OK	 
REQUEST	1		bootstrap.min.css	1545251946475	1545251946563	KO	status.find.in(200,201,202,203,204,205,206,207,208,209,304), found 404
REQUEST	1		bootstrap.min.js	1545251946507	1545251946848	OK	 
REQUEST	1		bootstrap.min.css	1545251946476	1545251946879	OK	 
REQUEST	1		jquery.min.js	1545251946289	1545251946909	OK	 
REQUEST	1		request_2	1545251951926	1545251952375	OK	 
REQUEST	1		styles.css	1545251952384	1545251952390	KO	status.find.in(200,201,202,203,204,205,206,207,208,209,304), found 400
REQUEST	1		bootstrap.min.css	1545251952385	1545251952647	OK	 
REQUEST	1		jquery.min.js	1545251952383	1545251952649	OK	 
REQUEST	1		bootstrap.min.js	1545251952386	1545251954023	OK	 
REQUEST	1		request_3	1545251984026	1545251984158	OK	 
REQUEST	1		bootstrap.min.css	1545251984163	1545251984181	KO	status.find.in(200,201,202,203,204,205,206,207,208,209,304), found 404
REQUEST	1		bootstrap.min.css	1545251984164	1545251984536	OK	 
REQUEST	1		request_4	1545251989536	1545251989578	OK	 
REQUEST	1		bootstrap.min.css	1545251989585	1545251989593	KO	status.find.in(200,201,202,203,204,205,206,207,208,209,304), found 404
REQUEST	1		request_5	1545252019599	1545252019713	OK	 
REQUEST	1		bootstrap.min.css	1545252019721	1545252019731	KO	status.find.in(200,201,202,203,204,205,206,207,208,209,304), found 404
USER	TPCase01	1	END	1545251945636	1545252019736
